  Camera.cpp
  DDSTextureLoader12.cpp
  GameFramework.cpp
C:\Users\grjsm\Documents\GitHub\Shoot\GameFramework.cpp(581,63): warning C4244: '인수': 'double'에서 'float'(으)로 변환하면서 데이터가 손실될 수 있습니다.
C:\Users\grjsm\Documents\GitHub\Shoot\GameFramework.cpp(692,77): warning C4244: '인수': 'double'에서 'float'(으)로 변환하면서 데이터가 손실될 수 있습니다.
  GameObject.cpp
C:\Users\grjsm\Documents\GitHub\Shoot\GameObject.cpp(353,81): warning C4267: '인수': 'size_t'에서 'int'(으)로 변환하면서 데이터가 손실될 수 있습니다.
C:\Users\grjsm\Documents\GitHub\Shoot\GameObject.cpp(494,204): warning C4267: '인수': 'size_t'에서 'UINT'(으)로 변환하면서 데이터가 손실될 수 있습니다.
C:\Users\grjsm\Documents\GitHub\Shoot\GameObject.cpp(497,64): warning C4267: '=': 'size_t'에서 'UINT'(으)로 변환하면서 데이터가 손실될 수 있습니다.
C:\Users\grjsm\Documents\GitHub\Shoot\GameObject.cpp(499,202): warning C4267: '인수': 'size_t'에서 'UINT'(으)로 변환하면서 데이터가 손실될 수 있습니다.
C:\Users\grjsm\Documents\GitHub\Shoot\GameObject.cpp(502,63): warning C4267: '=': 'size_t'에서 'UINT'(으)로 변환하면서 데이터가 손실될 수 있습니다.
C:\Users\grjsm\Documents\GitHub\Shoot\GameObject.cpp(539,62): warning C4244: '인수': 'double'에서 'float'(으)로 변환하면서 데이터가 손실될 수 있습니다.
C:\Users\grjsm\Documents\GitHub\Shoot\GameObject.cpp(544,73): warning C4244: '인수': 'double'에서 'float'(으)로 변환하면서 데이터가 손실될 수 있습니다.
C:\Users\grjsm\Documents\GitHub\Shoot\GameObject.cpp(580,62): warning C4244: '인수': 'double'에서 'float'(으)로 변환하면서 데이터가 손실될 수 있습니다.
C:\Users\grjsm\Documents\GitHub\Shoot\GameObject.cpp(584,52): warning C4244: '인수': 'double'에서 'float'(으)로 변환하면서 데이터가 손실될 수 있습니다.
C:\Users\grjsm\Documents\GitHub\Shoot\GameObject.cpp(588,54): warning C4244: '인수': 'double'에서 'float'(으)로 변환하면서 데이터가 손실될 수 있습니다.
C:\Users\grjsm\Documents\GitHub\Shoot\GameObject.cpp(592,66): warning C4244: '인수': 'double'에서 'float'(으)로 변환하면서 데이터가 손실될 수 있습니다.
C:\Users\grjsm\Documents\GitHub\Shoot\GameObject.cpp(639,14): warning C4244: '-=': 'double'에서 'float'(으)로 변환하면서 데이터가 손실될 수 있습니다.
C:\Users\grjsm\Documents\GitHub\Shoot\GameObject.cpp(640,20): warning C4244: '+=': 'double'에서 'float'(으)로 변환하면서 데이터가 손실될 수 있습니다.
C:\Users\grjsm\Documents\GitHub\Shoot\GameObject.cpp(641,23): warning C4244: '인수': 'double'에서 'float'(으)로 변환하면서 데이터가 손실될 수 있습니다.
C:\Users\grjsm\Documents\GitHub\Shoot\GameObject.cpp(645,35): warning C4244: '인수': 'double'에서 'float'(으)로 변환하면서 데이터가 손실될 수 있습니다.
C:\Users\grjsm\Documents\GitHub\Shoot\GameObject.cpp(646,20): warning C4244: '인수': 'double'에서 'float'(으)로 변환하면서 데이터가 손실될 수 있습니다.
C:\Users\grjsm\Documents\GitHub\Shoot\GameObject.cpp(700,69): warning C4305: 'return': 'int'에서 'float'(으)로 잘립니다.
C:\Users\grjsm\Documents\GitHub\Shoot\GameObject.cpp(851,37): warning C4244: '+=': 'double'에서 'float'(으)로 변환하면서 데이터가 손실될 수 있습니다.
C:\Users\grjsm\Documents\GitHub\Shoot\GameObject.cpp(852,37): warning C4244: '+=': 'double'에서 'float'(으)로 변환하면서 데이터가 손실될 수 있습니다.
  Image2D.cpp
  Light.cpp
  Material.cpp
  Mesh.cpp
C:\Users\grjsm\Documents\GitHub\Shoot\Mesh.cpp(497,12): warning C4244: '초기화 중': 'float'에서 'int'(으)로 변환하면서 데이터가 손실될 수 있습니다.
C:\Users\grjsm\Documents\GitHub\Shoot\Mesh.cpp(498,12): warning C4244: '초기화 중': 'float'에서 'int'(으)로 변환하면서 데이터가 손실될 수 있습니다.
C:\Users\grjsm\Documents\GitHub\Shoot\Mesh.cpp(529,60): warning C4244: '=': 'int'에서 'float'(으)로 변환하면서 데이터가 손실될 수 있습니다.
C:\Users\grjsm\Documents\GitHub\Shoot\Mesh.cpp(530,60): warning C4244: '=': 'int'에서 'float'(으)로 변환하면서 데이터가 손실될 수 있습니다.
C:\Users\grjsm\Documents\GitHub\Shoot\Mesh.cpp(744,20): warning C4018: '<': signed 또는 unsigned가 일치하지 않습니다.
  Player.cpp
C:\Users\grjsm\Documents\GitHub\Shoot\Player.cpp(75,16): warning C4244: '-=': 'double'에서 'float'(으)로 변환하면서 데이터가 손실될 수 있습니다.
C:\Users\grjsm\Documents\GitHub\Shoot\Player.cpp(81,35): warning C4244: '인수': 'double'에서 'float'(으)로 변환하면서 데이터가 손실될 수 있습니다.
C:\Users\grjsm\Documents\GitHub\Shoot\Player.cpp(83,19): warning C4244: '인수': 'double'에서 'float'(으)로 변환하면서 데이터가 손실될 수 있습니다.
C:\Users\grjsm\Documents\GitHub\Shoot\Player.cpp(107,14): warning C4244: '인수': 'double'에서 'float'(으)로 변환하면서 데이터가 손실될 수 있습니다.
C:\Users\grjsm\Documents\GitHub\Shoot\Player.cpp(108,36): warning C4244: '인수': 'double'에서 'float'(으)로 변환하면서 데이터가 손실될 수 있습니다.
C:\Users\grjsm\Documents\GitHub\Shoot\Player.cpp(162,27): warning C4244: '인수': 'double'에서 'float'(으)로 변환하면서 데이터가 손실될 수 있습니다.
C:\Users\grjsm\Documents\GitHub\Shoot\Player.cpp(174,29): warning C4244: '인수': 'double'에서 'float'(으)로 변환하면서 데이터가 손실될 수 있습니다.
C:\Users\grjsm\Documents\GitHub\Shoot\Player.cpp(180,23): warning C4244: '인수': 'double'에서 'float'(으)로 변환하면서 데이터가 손실될 수 있습니다.
C:\Users\grjsm\Documents\GitHub\Shoot\Player.cpp(185,20): warning C4244: '인수': 'double'에서 'float'(으)로 변환하면서 데이터가 손실될 수 있습니다.
  Project.cpp
  Scene.cpp
C:\Users\grjsm\Documents\GitHub\Shoot\Scene.cpp(160,19): warning C4244: '-=': 'double'에서 'float'(으)로 변환하면서 데이터가 손실될 수 있습니다.
C:\Users\grjsm\Documents\GitHub\Shoot\Scene.cpp(161,15): warning C4244: '-=': 'double'에서 'float'(으)로 변환하면서 데이터가 손실될 수 있습니다.
C:\Users\grjsm\Documents\GitHub\Shoot\Scene.cpp(167,61): warning C4244: '=': 'int'에서 'float'(으)로 변환하면서 데이터가 손실될 수 있습니다.
C:\Users\grjsm\Documents\GitHub\Shoot\Scene.cpp(168,61): warning C4244: '=': 'int'에서 'float'(으)로 변환하면서 데이터가 손실될 수 있습니다.
C:\Users\grjsm\Documents\GitHub\Shoot\Scene.cpp(192,21): warning C4244: '인수': 'double'에서 'float'(으)로 변환하면서 데이터가 손실될 수 있습니다.
C:\Users\grjsm\Documents\GitHub\Shoot\Scene.cpp(215,82): warning C4305: '인수': 'double'에서 'float'(으)로 잘립니다.
C:\Users\grjsm\Documents\GitHub\Shoot\Scene.cpp(418,49): warning C4305: '인수': 'double'에서 'float'(으)로 잘립니다.
C:\Users\grjsm\Documents\GitHub\Shoot\Scene.cpp(426,137): warning C4305: '인수': 'double'에서 'float'(으)로 잘립니다.
C:\Users\grjsm\Documents\GitHub\Shoot\Scene.cpp(430,116): warning C4305: '인수': 'double'에서 'float'(으)로 잘립니다.
  Shader.cpp
  Status.cpp
  stdafx.cpp
  Texture.cpp
  Timer.cpp
  Project.vcxproj -> C:\Users\grjsm\Documents\GitHub\Shoot\x64\Debug\workProject.exe
